<?xml version="1.0" encoding="UTF-8"?>
<!-- Generated by org.testng.reporters.JUnitXMLReporter -->
<testsuite ignored="1" hostname="LAPTOP-00TCO18I" failures="1" tests="7" name="Test" time="99.814" errors="0" timestamp="2025-07-04T18:11:21 IST">
  <testcase classname="com.amazon.qa.tests.SignInPageTest" name="SignInwith_InValidCredentials2" time="5.681"/>
  <testcase classname="com.amazon.qa.tests.SignInPageTest" name="SignInwith_InValidCredentials2" time="17.857"/>
  <testcase classname="com.amazon.qa.tests.SignInPageTest" name="SignInwith_InValidCredentials2" time="17.149"/>
  <testcase classname="com.amazon.qa.tests.SignInPageTest" name="SignInwith_InValidCredentials2" time="4.449"/>
  <testcase classname="com.amazon.qa.tests.SignInPageTest" name="SignInwith_InValidCredentials2" time="4.514"/>
  <testcase classname="com.amazon.qa.tests.SignInPageTest" name="SignInwith_ValidCredentials" time="23.254">
    <skipped/>
  </testcase> <!-- SignInwith_ValidCredentials -->
  <testcase classname="com.amazon.qa.tests.SignInPageTest" name="SignInwith_ValidCredentials" time="7.34">
    <failure type="java.lang.AssertionError" message="Failed purposly">
      <![CDATA[java.lang.AssertionError: Failed purposly
at com.amazon.qa.tests.SignInPageTest.SignInwith_ValidCredentials(SignInPageTest.java:49)
at java.base/java.util.ArrayList.forEach(ArrayList.java:1596)
... Removed 26 stack frames]]>
    </failure>
  </testcase> <!-- SignInwith_ValidCredentials -->
  <testcase classname="com.amazon.qa.tests.SignInPageTest" name="SignInwith_InValidCredentials" time="0.0">
    <ignored/>
  </testcase> <!-- SignInwith_InValidCredentials -->
</testsuite> <!-- Test -->
