<?xml version="1.0" encoding="UTF-8"?>
<!-- Generated by org.testng.reporters.JUnitXMLReporter -->
<testsuite ignored="0" hostname="LAPTOP-00TCO18I" failures="1" tests="15" name="Command line test" time="187.664" errors="0" timestamp="2025-07-05T17:06:28 IST">
  <testcase classname="com.amazon.qa.tests.HomePageTest" name="CaptureFielsInDigitalContent" time="6.756"/>
  <testcase classname="com.amazon.qa.tests.HomePageTest" name="test2" time="27.927"/>
  <testcase classname="com.amazon.qa.tests.SignInPageTest" name="SignInwith_InValidCredentials" time="17.459"/>
  <testcase classname="com.amazon.qa.tests.SignInPageTest" name="SignInwith_InValidCredentials" time="16.576"/>
  <testcase classname="com.amazon.qa.tests.SignInPageTest" name="SignInwith_InValidCredentials" time="4.197"/>
  <testcase classname="com.amazon.qa.tests.SignInPageTest" name="SignInwith_InValidCredentials" time="4.507"/>
  <testcase classname="com.amazon.qa.tests.SignInPageTest" name="SignInwith_InValidCredentials" time="20.375">
    <skipped/>
  </testcase> <!-- SignInwith_InValidCredentials -->
  <testcase classname="com.amazon.qa.tests.SignInPageTest" name="SignInwith_InValidCredentials" time="4.223"/>
  <testcase classname="com.amazon.qa.tests.SignInPageTest" name="SignInwith_InValidCredentials2" time="4.956"/>
  <testcase classname="com.amazon.qa.tests.SignInPageTest" name="SignInwith_InValidCredentials2" time="4.361"/>
  <testcase classname="com.amazon.qa.tests.SignInPageTest" name="SignInwith_InValidCredentials2" time="4.295"/>
  <testcase classname="com.amazon.qa.tests.SignInPageTest" name="SignInwith_InValidCredentials2" time="4.423"/>
  <testcase classname="com.amazon.qa.tests.SignInPageTest" name="SignInwith_InValidCredentials2" time="4.269"/>
  <testcase classname="com.amazon.qa.tests.SignInPageTest" name="SignInwith_ValidCredentials" time="17.638">
    <skipped/>
  </testcase> <!-- SignInwith_ValidCredentials -->
  <testcase classname="com.amazon.qa.tests.SignInPageTest" name="SignInwith_ValidCredentials" time="5.388">
    <failure type="java.lang.AssertionError" message="Failed purposly">
      <![CDATA[java.lang.AssertionError: Failed purposly
at com.amazon.qa.tests.SignInPageTest.SignInwith_ValidCredentials(SignInPageTest.java:49)
at java.base/java.util.ArrayList.forEach(ArrayList.java:1511)
... Removed 38 stack frames]]>
    </failure>
  </testcase> <!-- SignInwith_ValidCredentials -->
</testsuite> <!-- Command line test -->
