<!DOCTYPE html>

<html>
  <head>
  <meta charset='utf-8'>
  <title>TestNG reports</title>

    <link type="text/css" href="testng-reports1.css" rel="stylesheet" id="ultra" />
    <link type="text/css" href="testng-reports.css" rel="stylesheet" id="retro" disabled="false"/>
    <script type="text/javascript" src="jquery-3.6.0.min.js"></script>
    <script type="text/javascript" src="testng-reports.js"></script>
    <script type="text/javascript" src="https://www.google.com/jsapi"></script>
    <script type='text/javascript'>
      google.load('visualization', '1', {packages:['table']});
      google.setOnLoadCallback(drawTable);
      var suiteTableInitFunctions = new Array();
      var suiteTableData = new Array();
    </script>
    <!--
      <script type="text/javascript" src="jquery-ui/js/jquery-ui-1.8.16.custom.min.js"></script>
     -->
  </head>

  <body>    <div class="top-banner-root">
      <span class="top-banner-title-font">Test results</span>
      <button id="button" class="button">Switch Retro Theme</button> <!-- button -->
      <br/>
      <span class="top-banner-font-1">1 suite</span>
    </div> <!-- top-banner-root -->
    <div class="navigator-root">
      <div class="navigator-suite-header">
        <span>All suites</span>
        <a href="#" title="Collapse/expand all the suites" class="collapse-all-link">
          <img src="collapseall.gif" class="collapse-all-icon">
          </img> <!-- collapse-all-icon -->
        </a> <!-- collapse-all-link -->
      </div> <!-- navigator-suite-header -->
      <div class="suite">
        <div class="rounded-window">
          <div class="suite-header light-rounded-window-top">
            <a href="#" panel-name="suite-Amazon_website_Automation" class="navigator-link">
              <span class="suite-name border-skipped">Amazon website Automation</span>
            </a> <!-- navigator-link -->
          </div> <!-- suite-header light-rounded-window-top -->
          <div class="navigator-suite-content">
            <div class="suite-section-title">
              <span>Info</span>
            </div> <!-- suite-section-title -->
            <div class="suite-section-content">
              <ul>
                <li>
                  <a href="#" panel-name="test-xml-Amazon_website_Automation" class="navigator-link ">
                    <span>D:\WORK\WorkSpace\AmazonTest\src\main\resources\testNG.xml</span>
                  </a> <!-- navigator-link  -->
                </li>
                <li>
                  <a href="#" panel-name="testlist-Amazon_website_Automation" class="navigator-link ">
                    <span class="test-stats">1 test</span>
                  </a> <!-- navigator-link  -->
                </li>
                <li>
                  <a href="#" panel-name="group-Amazon_website_Automation" class="navigator-link ">
                    <span>1 group</span>
                  </a> <!-- navigator-link  -->
                </li>
                <li>
                  <a href="#" panel-name="times-Amazon_website_Automation" class="navigator-link ">
                    <span>Times</span>
                  </a> <!-- navigator-link  -->
                </li>
                <li>
                  <a href="#" panel-name="reporter-Amazon_website_Automation" class="navigator-link ">
                    <span>Reporter output</span>
                  </a> <!-- navigator-link  -->
                </li>
                <li>
                  <a href="#" panel-name="ignored-methods-Amazon_website_Automation" class="navigator-link ">
                    <span>Ignored methods</span>
                  </a> <!-- navigator-link  -->
                </li>
                <li>
                  <a href="#" panel-name="chronological-Amazon_website_Automation" class="navigator-link ">
                    <span>Chronological view</span>
                  </a> <!-- navigator-link  -->
                </li>
              </ul>
            </div> <!-- suite-section-content -->
            <div class="result-section">
              <div class="suite-section-title">
                <span>Results</span>
              </div> <!-- suite-section-title -->
              <div class="suite-section-content">
                <ul>
                  <li>
                    <span class="method-stats">9 methods,  1 skipped,  8 passed</span>
                  </li>
                  <li>
                    <span class="method-list-title skipped">Retried methods</span>
                    <span class="show-or-hide-methods skipped">
                      <a href="#" panel-name="suite-Amazon_website_Automation" class="hide-methods skipped suite-Amazon_website_Automation"> (hide)</a> <!-- hide-methods skipped suite-Amazon_website_Automation -->
                      <a href="#" panel-name="suite-Amazon_website_Automation" class="show-methods skipped suite-Amazon_website_Automation"> (show)</a> <!-- show-methods skipped suite-Amazon_website_Automation -->
                    </span>
                    <div class="method-list-content skipped suite-Amazon_website_Automation">
                      <span>
                        <img src="skipped.png" width="3%"/>
                        <a href="#" panel-name="suite-Amazon_website_Automation" title="com.amazon.qa.tests.SignInPageTest" class="method navigator-link" hash-for-method="SignInwith_InValidCredentials(70311333, Invalid mobile number, Invalid mobile number)">SignInwith_InValidCredentials(70311333, Invalid mobile number, Invalid mobile number)</a> <!-- method navigator-link -->
                      </span>
                      <br/>
                    </div> <!-- method-list-content skipped suite-Amazon_website_Automation -->
                  </li>
                  <li>
                    <span class="method-list-title passed">Passed methods</span>
                    <span class="show-or-hide-methods passed">
                      <a href="#" panel-name="suite-Amazon_website_Automation" class="hide-methods passed suite-Amazon_website_Automation"> (hide)</a> <!-- hide-methods passed suite-Amazon_website_Automation -->
                      <a href="#" panel-name="suite-Amazon_website_Automation" class="show-methods passed suite-Amazon_website_Automation"> (show)</a> <!-- show-methods passed suite-Amazon_website_Automation -->
                    </span>
                    <div class="method-list-content passed suite-Amazon_website_Automation">
                      <span>
                        <img src="passed.png" width="3%"/>
                        <a href="#" panel-name="suite-Amazon_website_Automation" title="com.amazon.qa.tests.HomePageTest" class="method navigator-link" hash-for-method="CaptureFielsInDigitalContent">CaptureFielsInDigitalContent</a> <!-- method navigator-link -->
                      </span>
                      <br/>
                      <span>
                        <img src="passed.png" width="3%"/>
                        <a href="#" panel-name="suite-Amazon_website_Automation" title="com.amazon.qa.tests.SignInPageTest" class="method navigator-link" hash-for-method="SignInwith_InValidCredentials(Err123, Invalid email address., Invalid email address.)">SignInwith_InValidCredentials(Err123, Invalid email address., Invalid email address.)</a> <!-- method navigator-link -->
                      </span>
                      <br/>
                      <span>
                        <img src="passed.png" width="3%"/>
                        <a href="#" panel-name="suite-Amazon_website_Automation" title="com.amazon.qa.tests.SignInPageTest" class="method navigator-link" hash-for-method="SignInwith_InValidCredentials(AK336@, Invalid email address., Invalid email address.)">SignInwith_InValidCredentials(AK336@, Invalid email address., Invalid email address.)</a> <!-- method navigator-link -->
                      </span>
                      <br/>
                      <span>
                        <img src="passed.png" width="3%"/>
                        <a href="#" panel-name="suite-Amazon_website_Automation" title="com.amazon.qa.tests.SignInPageTest" class="method navigator-link" hash-for-method="SignInwith_InValidCredentials(70311333, Invalid mobile number, Invalid mobile number)">SignInwith_InValidCredentials(70311333, Invalid mobile number, Invalid mobile number)</a> <!-- method navigator-link -->
                      </span>
                      <br/>
                      <span>
                        <img src="passed.png" width="3%"/>
                        <a href="#" panel-name="suite-Amazon_website_Automation" title="com.amazon.qa.tests.SignInPageTest" class="method navigator-link" hash-for-method="SignInwith_InValidCredentials(!@$@#, Invalid email address., Invalid email address.)">SignInwith_InValidCredentials(!@$@#, Invalid email address., Invalid email address.)</a> <!-- method navigator-link -->
                      </span>
                      <br/>
                      <span>
                        <img src="passed.png" width="3%"/>
                        <a href="#" panel-name="suite-Amazon_website_Automation" title="com.amazon.qa.tests.SignInPageTest" class="method navigator-link" hash-for-method="SignInwith_InValidCredentials(, Enter your mobile number or email, Enter your mobile number or email)">SignInwith_InValidCredentials(, Enter your mobile number or email, Enter your mobile number or email)</a> <!-- method navigator-link -->
                      </span>
                      <br/>
                      <span>
                        <img src="passed.png" width="3%"/>
                        <a href="#" panel-name="suite-Amazon_website_Automation" title="com.amazon.qa.tests.SignInPageTest" class="method navigator-link" hash-for-method="SignInwith_ValidCredentials">SignInwith_ValidCredentials</a> <!-- method navigator-link -->
                      </span>
                      <br/>
                      <span>
                        <img src="passed.png" width="3%"/>
                        <a href="#" panel-name="suite-Amazon_website_Automation" title="com.amazon.qa.tests.HomePageTest" class="method navigator-link" hash-for-method="test2">test2</a> <!-- method navigator-link -->
                      </span>
                      <br/>
                    </div> <!-- method-list-content passed suite-Amazon_website_Automation -->
                  </li>
                </ul>
              </div> <!-- suite-section-content -->
            </div> <!-- result-section -->
          </div> <!-- navigator-suite-content -->
        </div> <!-- rounded-window -->
      </div> <!-- suite -->
    </div> <!-- navigator-root -->
    <div class="wrapper">
      <div class="main-panel-root">
        <div panel-name="suite-Amazon_website_Automation" class="panel Amazon_website_Automation">
          <div class="suite-Amazon_website_Automation-class-skipped">
            <div class="main-panel-header rounded-window-top">
              <img src="skipped.png"/>
              <span class="class-name">com.amazon.qa.tests.SignInPageTest</span>
            </div> <!-- main-panel-header rounded-window-top -->
            <div class="main-panel-content rounded-window-bottom">
              <div class="method">
                <div class="method-content">
                  <a name="SignInwith_InValidCredentials(70311333, Invalid mobile number, Invalid mobile number)">
                  </a> <!-- SignInwith_InValidCredentials(70311333, Invalid mobile number, Invalid mobile number) -->
                  <span class="method-name">SignInwith_InValidCredentials</span>
                  <span class="parameters">(70311333,Invalid mobile number,Invalid mobile number)</span>
                  <div class="stack-trace">org.openqa.selenium.json.JsonException: java.lang.reflect.InvocationTargetException
Build info: version: &apos;4.33.0&apos;, revision: &apos;2c6aaad03a&apos;
System info: os.name: &apos;Windows 11&apos;, os.arch: &apos;amd64&apos;, os.version: &apos;10.0&apos;, java.version: &apos;21.0.7&apos;
Driver info: org.openqa.selenium.chrome.ChromeDriver
Command: [f36a63dd1098efad10fbfe2d384eedfd, actions {actions=[org.openqa.selenium.interactions.Sequence@ab38196]}]
Capabilities {acceptInsecureCerts: false, browserName: chrome, browserVersion: 137.0.7151.104, chrome: {chromedriverVersion: 136.0.7103.113 (76fa3c17824..., userDataDir: C:\Users\ABHISH~1\AppData\L...}, fedcm:accounts: true, goog:chromeOptions: {debuggerAddress: localhost:63194}, networkConnectionEnabled: false, pageLoadStrategy: normal, platformName: windows, proxy: Proxy(), se:cdp: ws://localhost:63194/devtoo..., se:cdpVersion: 137.0.7151.104, setWindowRect: true, strictFileInteractability: false, timeouts: {implicit: 0, pageLoad: 300000, script: 30000}, unhandledPromptBehavior: dismiss and notify, webauthn:extension:credBlob: true, webauthn:extension:largeBlob: true, webauthn:extension:minPinLength: true, webauthn:extension:prf: true, webauthn:virtualAuthenticators: true}
Session ID: f36a63dd1098efad10fbfe2d384eedfd
	at org.openqa.selenium.json.JsonOutput.convertUsingMethod(JsonOutput.java:520)
	at org.openqa.selenium.json.JsonOutput.lambda$new$16(JsonOutput.java:182)
	at org.openqa.selenium.json.JsonOutput.write0(JsonOutput.java:409)
	at org.openqa.selenium.json.JsonOutput.lambda$new$22(JsonOutput.java:204)
	at java.base/java.util.stream.ForEachOps$ForEachOp$OfRef.accept(ForEachOps.java:184)
	at java.base/java.util.stream.ReferencePipeline$2$1.accept(ReferencePipeline.java:179)
	at java.base/java.util.Iterator.forEachRemaining(Iterator.java:133)
	at java.base/java.util.Spliterators$IteratorSpliterator.forEachRemaining(Spliterators.java:1939)
	at java.base/java.util.stream.AbstractPipeline.copyInto(AbstractPipeline.java:509)
	at java.base/java.util.stream.AbstractPipeline.wrapAndCopyInto(AbstractPipeline.java:499)
	at java.base/java.util.stream.ForEachOps$ForEachOp.evaluateSequential(ForEachOps.java:151)
	at java.base/java.util.stream.ForEachOps$ForEachOp$OfRef.evaluateSequential(ForEachOps.java:174)
	at java.base/java.util.stream.AbstractPipeline.evaluate(AbstractPipeline.java:234)
	at java.base/java.util.stream.ReferencePipeline.forEach(ReferencePipeline.java:596)
	at org.openqa.selenium.json.JsonOutput.lambda$new$23(JsonOutput.java:204)
	at org.openqa.selenium.json.JsonOutput.write0(JsonOutput.java:409)
	at org.openqa.selenium.json.JsonOutput.lambda$new$24(JsonOutput.java:222)
	at java.base/java.util.Map.forEach(Map.java:733)
	at org.openqa.selenium.json.JsonOutput.lambda$new$25(JsonOutput.java:217)
	at org.openqa.selenium.json.JsonOutput.write0(JsonOutput.java:409)
	at org.openqa.selenium.json.JsonOutput.write(JsonOutput.java:400)
	at org.openqa.selenium.json.Json.toJson(Json.java:133)
	at org.openqa.selenium.json.Json.toJson(Json.java:119)
	at org.openqa.selenium.remote.codec.AbstractHttpCommandCodec.encode(AbstractHttpCommandCodec.java:236)
	at org.openqa.selenium.remote.codec.AbstractHttpCommandCodec.encode(AbstractHttpCommandCodec.java:109)
	at org.openqa.selenium.remote.HttpCommandExecutor.execute(HttpCommandExecutor.java:203)
	at org.openqa.selenium.remote.service.DriverCommandExecutor.invokeExecute(DriverCommandExecutor.java:216)
	at org.openqa.selenium.remote.service.DriverCommandExecutor.execute(DriverCommandExecutor.java:174)
	at org.openqa.selenium.remote.RemoteWebDriver.execute(RemoteWebDriver.java:544)
	at org.openqa.selenium.remote.RemoteWebDriver.perform(RemoteWebDriver.java:630)
	at org.openqa.selenium.interactions.Actions$BuiltAction.perform(Actions.java:616)
	at com.amazon.qa.pages.HomePage.NavigateTo_SignInPage(HomePage.java:71)
	at com.amazon.qa.tests.SignInPageTest.SignInwith_InValidCredentials(SignInPageTest.java:60)
	at java.base/java.util.ArrayList.forEach(ArrayList.java:1596)
	at java.base/java.util.concurrent.FutureTask.run(FutureTask.java:317)
	at java.base/java.util.concurrent.ThreadPoolExecutor.runWorker(ThreadPoolExecutor.java:1144)
	at java.base/java.util.concurrent.ThreadPoolExecutor$Worker.run(ThreadPoolExecutor.java:642)
	at java.base/java.lang.Thread.run(Thread.java:1583)
	Suppressed: org.openqa.selenium.json.JsonException: Attempting to close incomplete json stream
Build info: version: &apos;4.33.0&apos;, revision: &apos;2c6aaad03a&apos;
System info: os.name: &apos;Windows 11&apos;, os.arch: &apos;amd64&apos;, os.version: &apos;10.0&apos;, java.version: &apos;21.0.7&apos;
Driver info: driver.version: RemoteWebDriver
		at org.openqa.selenium.json.JsonOutput.close(JsonOutput.java:431)
		at org.openqa.selenium.json.Json.toJson(Json.java:131)
		... 31 more
	at org.openqa.selenium.json.JsonOutput.convertUsingMethod(JsonOutput.java:516)
	... 52 more
Caused by: org.openqa.selenium.NoSuchElementException: no such element: Unable to locate element: {&quot;method&quot;:&quot;xpath&quot;,&quot;selector&quot;:&quot;//button[@aria-label=&apos;Expand Account and Lists&apos;]&quot;}
  (Session info: chrome=137.0.7151.104)
For documentation on this error, please visit: https://www.selenium.dev/documentation/webdriver/troubleshooting/errors#no-such-element-exception
Build info: version: &apos;4.33.0&apos;, revision: &apos;2c6aaad03a&apos;
System info: os.name: &apos;Windows 11&apos;, os.arch: &apos;amd64&apos;, os.version: &apos;10.0&apos;, java.version: &apos;21.0.7&apos;
Driver info: org.openqa.selenium.chrome.ChromeDriver
Command: [f36a63dd1098efad10fbfe2d384eedfd, findElement {value=//button[@aria-label=&apos;Expand Account and Lists&apos;], using=xpath}]
Capabilities {acceptInsecureCerts: false, browserName: chrome, browserVersion: 137.0.7151.104, chrome: {chromedriverVersion: 136.0.7103.113 (76fa3c17824..., userDataDir: C:\Users\ABHISH~1\AppData\L...}, fedcm:accounts: true, goog:chromeOptions: {debuggerAddress: localhost:63194}, networkConnectionEnabled: false, pageLoadStrategy: normal, platformName: windows, proxy: Proxy(), se:cdp: ws://localhost:63194/devtoo..., se:cdpVersion: 137.0.7151.104, setWindowRect: true, strictFileInteractability: false, timeouts: {implicit: 0, pageLoad: 300000, script: 30000}, unhandledPromptBehavior: dismiss and notify, webauthn:extension:credBlob: true, webauthn:extension:largeBlob: true, webauthn:extension:minPinLength: true, webauthn:extension:prf: true, webauthn:virtualAuthenticators: true}
Session ID: f36a63dd1098efad10fbfe2d384eedfd
	at org.openqa.selenium.remote.ErrorCodec.decode(ErrorCodec.java:167)
	at org.openqa.selenium.remote.codec.w3c.W3CHttpResponseCodec.decode(W3CHttpResponseCodec.java:138)
	at org.openqa.selenium.remote.codec.w3c.W3CHttpResponseCodec.decode(W3CHttpResponseCodec.java:50)
	at org.openqa.selenium.remote.HttpCommandExecutor.execute(HttpCommandExecutor.java:215)
	at org.openqa.selenium.remote.service.DriverCommandExecutor.invokeExecute(DriverCommandExecutor.java:216)
	at org.openqa.selenium.remote.service.DriverCommandExecutor.execute(DriverCommandExecutor.java:174)
	at org.openqa.selenium.remote.RemoteWebDriver.execute(RemoteWebDriver.java:544)
	at org.openqa.selenium.remote.ElementLocation$ElementFinder$2.findElement(ElementLocation.java:165)
	at org.openqa.selenium.remote.ElementLocation.findElement(ElementLocation.java:59)
	at org.openqa.selenium.remote.RemoteWebDriver.findElement(RemoteWebDriver.java:367)
	at org.openqa.selenium.remote.RemoteWebDriver.findElement(RemoteWebDriver.java:361)
	at org.openqa.selenium.support.pagefactory.DefaultElementLocator.findElement(DefaultElementLocator.java:68)
	at org.openqa.selenium.support.pagefactory.internal.LocatingElementHandler.invoke(LocatingElementHandler.java:38)
	at jdk.proxy2/jdk.proxy2.$Proxy15.getWrappedElement(Unknown Source)
	at org.openqa.selenium.interactions.PointerInput$Origin.asArg(PointerInput.java:262)
	at org.openqa.selenium.interactions.PointerInput$Move.encode(PointerInput.java:211)
	at org.openqa.selenium.interactions.Sequence.encode(Sequence.java:74)
	at org.openqa.selenium.interactions.Sequence.toJson(Sequence.java:83)
	... 54 more
... Removed 22 stack frames
</div> <!-- stack-trace -->
                </div> <!-- method-content -->
              </div> <!-- method -->
            </div> <!-- main-panel-content rounded-window-bottom -->
          </div> <!-- suite-Amazon_website_Automation-class-skipped -->
          <div class="suite-Amazon_website_Automation-class-passed">
            <div class="main-panel-header rounded-window-top">
              <img src="passed.png"/>
              <span class="class-name">com.amazon.qa.tests.HomePageTest</span>
            </div> <!-- main-panel-header rounded-window-top -->
            <div class="main-panel-content rounded-window-bottom">
              <div class="method">
                <div class="method-content">
                  <a name="CaptureFielsInDigitalContent">
                  </a> <!-- CaptureFielsInDigitalContent -->
                  <span class="method-name">CaptureFielsInDigitalContent</span>
                </div> <!-- method-content -->
              </div> <!-- method -->
              <div class="method">
                <div class="method-content">
                  <a name="test2">
                  </a> <!-- test2 -->
                  <span class="method-name">test2</span>
                </div> <!-- method-content -->
              </div> <!-- method -->
            </div> <!-- main-panel-content rounded-window-bottom -->
          </div> <!-- suite-Amazon_website_Automation-class-passed -->
          <div class="suite-Amazon_website_Automation-class-passed">
            <div class="main-panel-header rounded-window-top">
              <img src="passed.png"/>
              <span class="class-name">com.amazon.qa.tests.SignInPageTest</span>
            </div> <!-- main-panel-header rounded-window-top -->
            <div class="main-panel-content rounded-window-bottom">
              <div class="method">
                <div class="method-content">
                  <a name="SignInwith_InValidCredentials(Err123, Invalid email address., Invalid email address.)">
                  </a> <!-- SignInwith_InValidCredentials(Err123, Invalid email address., Invalid email address.) -->
                  <span class="method-name">SignInwith_InValidCredentials</span>
                  <span class="parameters">(Err123,Invalid email address.,Invalid email address.)</span>
                </div> <!-- method-content -->
              </div> <!-- method -->
              <div class="method">
                <div class="method-content">
                  <a name="SignInwith_InValidCredentials(AK336@, Invalid email address., Invalid email address.)">
                  </a> <!-- SignInwith_InValidCredentials(AK336@, Invalid email address., Invalid email address.) -->
                  <span class="method-name">SignInwith_InValidCredentials</span>
                  <span class="parameters">(AK336@,Invalid email address.,Invalid email address.)</span>
                </div> <!-- method-content -->
              </div> <!-- method -->
              <div class="method">
                <div class="method-content">
                  <a name="SignInwith_InValidCredentials(70311333, Invalid mobile number, Invalid mobile number)">
                  </a> <!-- SignInwith_InValidCredentials(70311333, Invalid mobile number, Invalid mobile number) -->
                  <span class="method-name">SignInwith_InValidCredentials</span>
                  <span class="parameters">(70311333,Invalid mobile number,Invalid mobile number)</span>
                </div> <!-- method-content -->
              </div> <!-- method -->
              <div class="method">
                <div class="method-content">
                  <a name="SignInwith_InValidCredentials(!@$@#, Invalid email address., Invalid email address.)">
                  </a> <!-- SignInwith_InValidCredentials(!@$@#, Invalid email address., Invalid email address.) -->
                  <span class="method-name">SignInwith_InValidCredentials</span>
                  <span class="parameters">(!@$@#,Invalid email address.,Invalid email address.)</span>
                </div> <!-- method-content -->
              </div> <!-- method -->
              <div class="method">
                <div class="method-content">
                  <a name="SignInwith_InValidCredentials(, Enter your mobile number or email, Enter your mobile number or email)">
                  </a> <!-- SignInwith_InValidCredentials(, Enter your mobile number or email, Enter your mobile number or email) -->
                  <span class="method-name">SignInwith_InValidCredentials</span>
                  <span class="parameters">(,Enter your mobile number or email,Enter your mobile number or email)</span>
                </div> <!-- method-content -->
              </div> <!-- method -->
              <div class="method">
                <div class="method-content">
                  <a name="SignInwith_ValidCredentials">
                  </a> <!-- SignInwith_ValidCredentials -->
                  <span class="method-name">SignInwith_ValidCredentials</span>
                </div> <!-- method-content -->
              </div> <!-- method -->
            </div> <!-- main-panel-content rounded-window-bottom -->
          </div> <!-- suite-Amazon_website_Automation-class-passed -->
        </div> <!-- panel Amazon_website_Automation -->
        <div panel-name="test-xml-Amazon_website_Automation" class="panel">
          <div class="main-panel-header rounded-window-top">
            <span class="header-content">D:\WORK\WorkSpace\AmazonTest\src\main\resources\testNG.xml</span>
          </div> <!-- main-panel-header rounded-window-top -->
          <div class="main-panel-content rounded-window-bottom">
            <pre>
&lt;?xml version=&quot;1.0&quot; encoding=&quot;UTF-8&quot;?&gt;
&lt;!DOCTYPE suite SYSTEM &quot;https://testng.org/testng-1.0.dtd&quot;&gt;
&lt;suite parallel=&quot;tests&quot; name=&quot;Amazon website Automation&quot; guice-stage=&quot;DEVELOPMENT&quot;&gt;
  &lt;listeners&gt;
    &lt;listener class-name=&quot;com.amazon.qa.testComponents.Listeners&quot;/&gt;
  &lt;/listeners&gt;
  &lt;test thread-count=&quot;5&quot; parallel=&quot;tests&quot; name=&quot;Amazon Test Case Execution&quot;&gt;
    &lt;parameter name=&quot;InvalidMobileNumber&quot; value=&quot;12345&quot;/&gt;
    &lt;parameter name=&quot;env&quot; value=&quot;T2&quot;/&gt;
    &lt;classes&gt;
      &lt;class name=&quot;com.amazon.qa.tests.SignInPageTest&quot;/&gt;
      &lt;class name=&quot;com.amazon.qa.tests.HomePageTest&quot;/&gt;
    &lt;/classes&gt;
  &lt;/test&gt; &lt;!-- Amazon Test Case Execution --&gt;
&lt;/suite&gt; &lt;!-- Amazon website Automation --&gt;
            </pre>
          </div> <!-- main-panel-content rounded-window-bottom -->
        </div> <!-- panel -->
        <div panel-name="testlist-Amazon_website_Automation" class="panel">
          <div class="main-panel-header rounded-window-top">
            <span class="header-content">Tests for Amazon website Automation</span>
          </div> <!-- main-panel-header rounded-window-top -->
          <div class="main-panel-content rounded-window-bottom">
            <ul>
              <li>
                <span class="test-name">Amazon Test Case Execution (2 classes)</span>
              </li>
            </ul>
          </div> <!-- main-panel-content rounded-window-bottom -->
        </div> <!-- panel -->
        <div panel-name="group-Amazon_website_Automation" class="panel">
          <div class="main-panel-header rounded-window-top">
            <span class="header-content">Groups for Amazon website Automation</span>
          </div> <!-- main-panel-header rounded-window-top -->
          <div class="main-panel-content rounded-window-bottom">
            <div class="test-group">
              <span class="test-group-name">Regression</span>
              <br/>
              <div class="method-in-group">
                <span class="method-in-group-name">SignInwith_ValidCredentials</span>
                <br/>
              </div> <!-- method-in-group -->
            </div> <!-- test-group -->
          </div> <!-- main-panel-content rounded-window-bottom -->
        </div> <!-- panel -->
        <div panel-name="times-Amazon_website_Automation" class="panel">
          <div class="main-panel-header rounded-window-top">
            <span class="header-content">Times for Amazon website Automation</span>
          </div> <!-- main-panel-header rounded-window-top -->
          <div class="main-panel-content rounded-window-bottom">
            <div class="times-div">
              <script type="text/javascript">
suiteTableInitFunctions.push('tableData_Amazon_website_Automation');
function tableData_Amazon_website_Automation() {
var data = new google.visualization.DataTable();
data.addColumn('number', 'Number');
data.addColumn('string', 'Method');
data.addColumn('string', 'Class');
data.addColumn('number', 'Time (ms)');
data.addRows(9);
data.setCell(0, 0, 0)
data.setCell(0, 1, 'test2')
data.setCell(0, 2, 'com.amazon.qa.tests.HomePageTest')
data.setCell(0, 3, 25054);
data.setCell(1, 0, 1)
data.setCell(1, 1, 'CaptureFielsInDigitalContent')
data.setCell(1, 2, 'com.amazon.qa.tests.HomePageTest')
data.setCell(1, 3, 14008);
data.setCell(2, 0, 2)
data.setCell(2, 1, 'SignInwith_ValidCredentials')
data.setCell(2, 2, 'com.amazon.qa.tests.SignInPageTest')
data.setCell(2, 3, 8400);
data.setCell(3, 0, 3)
data.setCell(3, 1, 'SignInwith_InValidCredentials')
data.setCell(3, 2, 'com.amazon.qa.tests.SignInPageTest')
data.setCell(3, 3, 6187);
data.setCell(4, 0, 4)
data.setCell(4, 1, 'SignInwith_InValidCredentials')
data.setCell(4, 2, 'com.amazon.qa.tests.SignInPageTest')
data.setCell(4, 3, 5233);
data.setCell(5, 0, 5)
data.setCell(5, 1, 'SignInwith_InValidCredentials')
data.setCell(5, 2, 'com.amazon.qa.tests.SignInPageTest')
data.setCell(5, 3, 5091);
data.setCell(6, 0, 6)
data.setCell(6, 1, 'SignInwith_InValidCredentials')
data.setCell(6, 2, 'com.amazon.qa.tests.SignInPageTest')
data.setCell(6, 3, 5031);
data.setCell(7, 0, 7)
data.setCell(7, 1, 'SignInwith_InValidCredentials')
data.setCell(7, 2, 'com.amazon.qa.tests.SignInPageTest')
data.setCell(7, 3, 4521);
data.setCell(8, 0, 8)
data.setCell(8, 1, 'SignInwith_InValidCredentials')
data.setCell(8, 2, 'com.amazon.qa.tests.SignInPageTest')
data.setCell(8, 3, 4517);
window.suiteTableData['Amazon_website_Automation']= { tableData: data, tableDiv: 'times-div-Amazon_website_Automation'}
return data;
}
              </script>
              <span class="suite-total-time">Total running time: 2 minutes</span>
              <div id="times-div-Amazon_website_Automation">
              </div> <!-- times-div-Amazon_website_Automation -->
            </div> <!-- times-div -->
          </div> <!-- main-panel-content rounded-window-bottom -->
        </div> <!-- panel -->
        <div panel-name="reporter-Amazon_website_Automation" class="panel">
          <div class="main-panel-header rounded-window-top">
            <span class="header-content">Reporter output for Amazon website Automation</span>
          </div> <!-- main-panel-header rounded-window-top -->
          <div class="main-panel-content rounded-window-bottom">
          </div> <!-- main-panel-content rounded-window-bottom -->
        </div> <!-- panel -->
        <div panel-name="ignored-methods-Amazon_website_Automation" class="panel">
          <div class="main-panel-header rounded-window-top">
            <span class="header-content">0 ignored methods</span>
          </div> <!-- main-panel-header rounded-window-top -->
          <div class="main-panel-content rounded-window-bottom">
          </div> <!-- main-panel-content rounded-window-bottom -->
        </div> <!-- panel -->
        <div panel-name="chronological-Amazon_website_Automation" class="panel">
          <div class="main-panel-header rounded-window-top">
            <span class="header-content">Methods in chronological order</span>
          </div> <!-- main-panel-header rounded-window-top -->
          <div class="main-panel-content rounded-window-bottom">
            <div class="chronological-class">
              <div class="chronological-class-name">com.amazon.qa.tests.HomePageTest</div> <!-- chronological-class-name -->
              <div class="configuration-method before">
                <span class="method-name">LaunchApplication</span>
                <span class="method-start">0 ms</span>
              </div> <!-- configuration-method before -->
              <div class="test-method">
                <span class="method-name">CaptureFielsInDigitalContent</span>
                <span class="method-start">7385 ms</span>
              </div> <!-- test-method -->
              <div class="configuration-method after">
                <span class="method-name">tearDown</span>
                <span class="method-start">21404 ms</span>
              </div> <!-- configuration-method after -->
            </div> <!-- chronological-class -->
            <div class="chronological-class">
              <div class="chronological-class-name">com.amazon.qa.tests.SignInPageTest</div> <!-- chronological-class-name -->
              <div class="configuration-method before">
                <span class="method-name">LaunchApplication</span>
                <span class="method-start">22928 ms</span>
              </div> <!-- configuration-method before -->
              <div class="test-method">
                <span class="method-name">SignInwith_InValidCredentials(70311333, Invalid mobile number, Invalid mobile number)</span>
                <span class="method-start">25024 ms</span>
              </div> <!-- test-method -->
              <div class="configuration-method after">
                <span class="method-name">tearDown</span>
                <span class="method-start">30122 ms</span>
              </div> <!-- configuration-method after -->
              <div class="configuration-method before">
                <span class="method-name">LaunchApplication</span>
                <span class="method-start">30339 ms</span>
              </div> <!-- configuration-method before -->
              <div class="test-method">
                <span class="method-name">SignInwith_InValidCredentials(70311333, Invalid mobile number, Invalid mobile number)</span>
                <span class="method-start">34664 ms</span>
              </div> <!-- test-method -->
              <div class="configuration-method after">
                <span class="method-name">tearDown</span>
                <span class="method-start">40855 ms</span>
              </div> <!-- configuration-method after -->
              <div class="configuration-method before">
                <span class="method-name">LaunchApplication</span>
                <span class="method-start">41130 ms</span>
              </div> <!-- configuration-method before -->
              <div class="test-method">
                <span class="method-name">SignInwith_InValidCredentials(AK336@, Invalid email address., Invalid email address.)</span>
                <span class="method-start">44475 ms</span>
              </div> <!-- test-method -->
              <div class="configuration-method after">
                <span class="method-name">tearDown</span>
                <span class="method-start">49712 ms</span>
              </div> <!-- configuration-method after -->
              <div class="configuration-method before">
                <span class="method-name">LaunchApplication</span>
                <span class="method-start">49941 ms</span>
              </div> <!-- configuration-method before -->
              <div class="test-method">
                <span class="method-name">SignInwith_InValidCredentials(!@$@#, Invalid email address., Invalid email address.)</span>
                <span class="method-start">53596 ms</span>
              </div> <!-- test-method -->
              <div class="configuration-method after">
                <span class="method-name">tearDown</span>
                <span class="method-start">58117 ms</span>
              </div> <!-- configuration-method after -->
              <div class="configuration-method before">
                <span class="method-name">LaunchApplication</span>
                <span class="method-start">58318 ms</span>
              </div> <!-- configuration-method before -->
              <div class="test-method">
                <span class="method-name">SignInwith_InValidCredentials(Err123, Invalid email address., Invalid email address.)</span>
                <span class="method-start">63436 ms</span>
              </div> <!-- test-method -->
              <div class="configuration-method after">
                <span class="method-name">tearDown</span>
                <span class="method-start">68480 ms</span>
              </div> <!-- configuration-method after -->
              <div class="configuration-method before">
                <span class="method-name">LaunchApplication</span>
                <span class="method-start">68748 ms</span>
              </div> <!-- configuration-method before -->
              <div class="test-method">
                <span class="method-name">SignInwith_InValidCredentials(, Enter your mobile number or email, Enter your mobile number or email)</span>
                <span class="method-start">75219 ms</span>
              </div> <!-- test-method -->
              <div class="configuration-method after">
                <span class="method-name">tearDown</span>
                <span class="method-start">79745 ms</span>
              </div> <!-- configuration-method after -->
            </div> <!-- chronological-class -->
            <div class="chronological-class">
              <div class="chronological-class-name">com.amazon.qa.tests.HomePageTest</div> <!-- chronological-class-name -->
              <div class="configuration-method before">
                <span class="method-name">LaunchApplication</span>
                <span class="method-start">80029 ms</span>
              </div> <!-- configuration-method before -->
              <div class="test-method">
                <span class="method-name">test2</span>
                <span class="method-start">86011 ms</span>
              </div> <!-- test-method -->
              <div class="configuration-method after">
                <span class="method-name">tearDown</span>
                <span class="method-start">111067 ms</span>
              </div> <!-- configuration-method after -->
            </div> <!-- chronological-class -->
            <div class="chronological-class">
              <div class="chronological-class-name">com.amazon.qa.tests.SignInPageTest</div> <!-- chronological-class-name -->
              <div class="configuration-method before">
                <span class="method-name">LaunchApplication</span>
                <span class="method-start">111383 ms</span>
              </div> <!-- configuration-method before -->
              <div class="test-method">
                <span class="method-name">SignInwith_ValidCredentials</span>
                <span class="method-start">114886 ms</span>
              </div> <!-- test-method -->
              <div class="configuration-method after">
                <span class="method-name">tearDown</span>
                <span class="method-start">123288 ms</span>
              </div> <!-- configuration-method after -->
          </div> <!-- main-panel-content rounded-window-bottom -->
        </div> <!-- panel -->
      </div> <!-- main-panel-root -->
    </div> <!-- wrapper -->
  </body>
<script type="text/javascript" src="testng-reports2.js"></script>
</html>
